<?xml version="1.0" encoding="UTF-8"?>
<!-- Generated by org.testng.reporters.JUnitReportReporter -->
<testsuite hostname="DESKTOP-4H7LNER" failures="0" tests="2" name="TestProject.TestNGproject.Class3" time="0.007" errors="0" timestamp="2023-11-30T10:48:27 PKT" skipped="0">
  <testcase classname="TestProject.TestNGproject.Class3" name="test3" time="0.004"/>
  <system-out/>
  <testcase classname="TestProject.TestNGproject.Class3" name="test2" time="0.003"/>
  <system-out/>
</testsuite> <!-- TestProject.TestNGproject.Class3 -->
