<?xml version="1.0" encoding="UTF-8"?>
<!-- Generated by org.testng.reporters.JUnitReportReporter -->
<testsuite hostname="DESKTOP-4H7LNER" failures="0" tests="1" name="TestProject.TestNGproject.Class1" time="155.574" errors="0" timestamp="2023-12-06T21:07:54 PKT" skipped="0">
  <testcase classname="TestProject.TestNGproject.Class1" name="test1" time="155.574"/>
  <system-out/>
</testsuite> <!-- TestProject.TestNGproject.Class1 -->
