<?xml version="1.0" encoding="UTF-8"?>
<!-- Generated by org.testng.reporters.JUnitReportReporter -->
<testsuite hostname="DESKTOP-4H7LNER" failures="0" tests="2" name="TestProject.TestNGproject.Class4" time="0.016" errors="0" timestamp="2023-11-30T10:46:46 PKT" skipped="0">
  <testcase classname="TestProject.TestNGproject.Class4" name="test3" time="0.014"/>
  <system-out/>
  <testcase classname="TestProject.TestNGproject.Class4" name="test2" time="0.002"/>
  <system-out/>
</testsuite> <!-- TestProject.TestNGproject.Class4 -->
