<?xml version="1.0" encoding="UTF-8"?>
<!-- Generated by org.testng.reporters.JUnitReportReporter -->
<testsuite hostname="DESKTOP-4H7LNER" failures="0" tests="1" name="TestProject.TestNGproject.Class2" time="0.002" errors="0" timestamp="2023-12-06T19:53:53 PKT" skipped="0">
  <testcase classname="TestProject.TestNGproject.Class2" name="test1" time="0.002"/>
  <system-out/>
</testsuite> <!-- TestProject.TestNGproject.Class2 -->
